# JRE version: OpenJDK Runtime Environment Microsoft-8035246 (17.0.8+7) (build 17.0.8+7-LTS)
# Java VM: OpenJDK 64-Bit Server VM Microsoft-8035246 (17.0.8+7-LTS, mixed mode, sharing, tiered, compressed oops, compressed class ptrs, g1 gc, windows-amd64)
GC Precious Log:
 CPUs: 4 total, 4 available
 Memory: 7930M
 Large Page Support: Disabled
 NUMA Support: Disabled
 Compressed Oops: Enabled (32-bit)
 Heap Region Size: 1M
 Heap Min Capacity: 8M
 Heap Initial Capacity: 124M
 Heap Max Capacity: 2G
 Pre-touch: Disabled
 Parallel Workers: 4
 Concurrent Workers: 1
 Concurrent Refinement Workers: 4
 Periodic GC: Disabled
Heap:
 garbage-first heap   total 432128K, used 312320K [0x0000000080000000, 0x0000000100000000)
  region size 1024K, 101 young (103424K), 12 survivors (12288K)
 Metaspace       used 108937K, committed 110272K, reserved 557056K
  class space    used 15269K, committed 15936K, reserved 425984K
GC Heap History (20 events):
Event: 41.732 GC heap before
{Heap before GC invocations=33 (full 0):
 garbage-first heap   total 201728K, used 167141K [0x0000000080000000, 0x0000000100000000)
  region size 1024K, 71 young (72704K), 7 survivors (7168K)
 Metaspace       used 91574K, committed 92544K, reserved 557056K
  class space    used 13055K, committed 13504K, reserved 425984K
}
Event: 41.774 GC heap after
{Heap after GC invocations=34 (full 0):
 garbage-first heap   total 201728K, used 108542K [0x0000000080000000, 0x0000000100000000)
  region size 1024K, 9 young (9216K), 9 survivors (9216K)
 Metaspace       used 91574K, committed 92544K, reserved 557056K
  class space    used 13055K, committed 13504K, reserved 425984K
}
Event: 41.805 GC heap before
{Heap before GC invocations=34 (full 0):
 garbage-first heap   total 201728K, used 109566K [0x0000000080000000, 0x0000000100000000)
  region size 1024K, 10 young (10240K), 9 survivors (9216K)
 Metaspace       used 91579K, committed 92544K, reserved 557056K
  class space    used 13055K, committed 13504K, reserved 425984K
}
Event: 41.838 GC heap after
{Heap after GC invocations=35 (full 0):
 garbage-first heap   total 201728K, used 109177K [0x0000000080000000, 0x0000000100000000)
  region size 1024K, 2 young (2048K), 2 survivors (2048K)
 Metaspace       used 91579K, committed 92544K, reserved 557056K
  class space    used 13055K, committed 13504K, reserved 425984K
}
Event: 42.079 GC heap before
{Heap before GC invocations=35 (full 0):
 garbage-first heap   total 201728K, used 116345K [0x0000000080000000, 0x0000000100000000)
  region size 1024K, 10 young (10240K), 2 survivors (2048K)
 Metaspace       used 91622K, committed 92544K, reserved 557056K
  class space    used 13059K, committed 13504K, reserved 425984K
}
Event: 42.086 GC heap after
{Heap after GC invocations=36 (full 0):
 garbage-first heap   total 201728K, used 111634K [0x0000000080000000, 0x0000000100000000)
  region size 1024K, 4 young (4096K), 4 survivors (4096K)
 Metaspace       used 91622K, committed 92544K, reserved 557056K
  class space    used 13059K, committed 13504K, reserved 425984K
}
Event: 44.541 GC heap before
{Heap before GC invocations=37 (full 0):
 garbage-first heap   total 203776K, used 165906K [0x0000000080000000, 0x0000000100000000)
  region size 1024K, 56 young (57344K), 4 survivors (4096K)
 Metaspace       used 94049K, committed 95104K, reserved 557056K
  class space    used 13325K, committed 13824K, reserved 425984K
}
Event: 44.572 GC heap after
{Heap after GC invocations=38 (full 0):
 garbage-first heap   total 203776K, used 123423K [0x0000000080000000, 0x0000000100000000)
  region size 1024K, 7 young (7168K), 7 survivors (7168K)
 Metaspace       used 94049K, committed 95104K, reserved 557056K
  class space    used 13325K, committed 13824K, reserved 425984K
}
Event: 44.608 GC heap before
{Heap before GC invocations=38 (full 0):
 garbage-first heap   total 203776K, used 125471K [0x0000000080000000, 0x0000000100000000)
  region size 1024K, 9 young (9216K), 7 survivors (7168K)
 Metaspace       used 94049K, committed 95104K, reserved 557056K
  class space    used 13325K, committed 13824K, reserved 425984K
}
Event: 44.630 GC heap after
{Heap after GC invocations=39 (full 0):
 garbage-first heap   total 432128K, used 123680K [0x0000000080000000, 0x0000000100000000)
  region size 1024K, 1 young (1024K), 1 survivors (1024K)
 Metaspace       used 94049K, committed 95104K, reserved 557056K
  class space    used 13325K, committed 13824K, reserved 425984K
}
Event: 49.441 GC heap before
{Heap before GC invocations=39 (full 0):
 garbage-first heap   total 432128K, used 284448K [0x0000000080000000, 0x0000000100000000)
  region size 1024K, 152 young (155648K), 1 survivors (1024K)
 Metaspace       used 99212K, committed 100416K, reserved 557056K
  class space    used 14071K, committed 14656K, reserved 425984K
}
Event: 49.502 GC heap after
{Heap after GC invocations=40 (full 0):
 garbage-first heap   total 432128K, used 155465K [0x0000000080000000, 0x0000000100000000)
  region size 1024K, 19 young (19456K), 19 survivors (19456K)
 Metaspace       used 99212K, committed 100416K, reserved 557056K
  class space    used 14071K, committed 14656K, reserved 425984K
}
Event: 52.025 GC heap before
{Heap before GC invocations=40 (full 0):
 garbage-first heap   total 432128K, used 295753K [0x0000000080000000, 0x0000000100000000)
  region size 1024K, 156 young (159744K), 19 survivors (19456K)
 Metaspace       used 101967K, committed 103168K, reserved 557056K
  class space    used 14420K, committed 14976K, reserved 425984K
}
Event: 52.124 GC heap after
{Heap after GC invocations=41 (full 0):
 garbage-first heap   total 432128K, used 174382K [0x0000000080000000, 0x0000000100000000)
  region size 1024K, 19 young (19456K), 19 survivors (19456K)
 Metaspace       used 101967K, committed 103168K, reserved 557056K
  class space    used 14420K, committed 14976K, reserved 425984K
}
Event: 56.958 GC heap before
{Heap before GC invocations=41 (full 0):
 garbage-first heap   total 432128K, used 312622K [0x0000000080000000, 0x0000000100000000)
  region size 1024K, 153 young (156672K), 19 survivors (19456K)
 Metaspace       used 106805K, committed 108096K, reserved 557056K
  class space    used 15085K, committed 15744K, reserved 425984K
}
Event: 57.059 GC heap after
{Heap after GC invocations=42 (full 0):
 garbage-first heap   total 432128K, used 196096K [0x0000000080000000, 0x0000000100000000)
  region size 1024K, 20 young (20480K), 20 survivors (20480K)
 Metaspace       used 106805K, committed 108096K, reserved 557056K
  class space    used 15085K, committed 15744K, reserved 425984K
}
Event: 61.201 GC heap before
{Heap before GC invocations=42 (full 0):
 garbage-first heap   total 432128K, used 324096K [0x0000000080000000, 0x0000000100000000)
  region size 1024K, 145 young (148480K), 20 survivors (20480K)
 Metaspace       used 108146K, committed 109504K, reserved 557056K
  class space    used 15206K, committed 15872K, reserved 425984K
}
Event: 61.298 GC heap after
{Heap after GC invocations=43 (full 0):
 garbage-first heap   total 432128K, used 210944K [0x0000000080000000, 0x0000000100000000)
  region size 1024K, 16 young (16384K), 16 survivors (16384K)
 Metaspace       used 108146K, committed 109504K, reserved 557056K
  class space    used 15206K, committed 15872K, reserved 425984K
}
Event: 65.526 GC heap before
{Heap before GC invocations=43 (full 0):
 garbage-first heap   total 432128K, used 332800K [0x0000000080000000, 0x0000000100000000)
  region size 1024K, 136 young (139264K), 16 survivors (16384K)
 Metaspace       used 108932K, committed 110272K, reserved 557056K
  class space    used 15269K, committed 15936K, reserved 425984K
}
Event: 65.619 GC heap after
{Heap after GC invocations=44 (full 0):
 garbage-first heap   total 432128K, used 222208K [0x0000000080000000, 0x0000000100000000)
  region size 1024K, 12 young (12288K), 12 survivors (12288K)
 Metaspace       used 108932K, committed 110272K, reserved 557056K
  class space    used 15269K, committed 15936K, reserved 425984K
}

