# JRE version: OpenJDK Runtime Environment Microsoft-8035246 (17.0.8+7) (build 17.0.8+7-LTS)
# Java VM: OpenJDK 64-Bit Server VM Microsoft-8035246 (17.0.8+7-LTS, mixed mode, sharing, tiered, compressed oops, compressed class ptrs, g1 gc, windows-amd64)
GC Precious Log:
 CPUs: 4 total, 4 available
 Memory: 7930M
 Large Page Support: Disabled
 NUMA Support: Disabled
 Compressed Oops: Enabled (32-bit)
 Heap Region Size: 1M
 Heap Min Capacity: 8M
 Heap Initial Capacity: 124M
 Heap Max Capacity: 2G
 Pre-touch: Disabled
 Parallel Workers: 4
 Concurrent Workers: 1
 Concurrent Refinement Workers: 4
 Periodic GC: Disabled
Heap:
 garbage-first heap   total 342016K, used 232081K [0x0000000080000000, 0x0000000100000000)
  region size 1024K, 34 young (34816K), 2 survivors (2048K)
 Metaspace       used 112008K, committed 113152K, reserved 557056K
  class space    used 15616K, committed 16192K, reserved 425984K
GC Heap History (20 events):
Event: 39.654 GC heap before
{Heap before GC invocations=44 (full 0):
 garbage-first heap   total 171008K, used 124118K [0x0000000080000000, 0x0000000100000000)
  region size 1024K, 34 young (34816K), 2 survivors (2048K)
 Metaspace       used 83763K, committed 84544K, reserved 557056K
  class space    used 11667K, committed 12032K, reserved 425984K
}
Event: 39.664 GC heap after
{Heap after GC invocations=45 (full 0):
 garbage-first heap   total 171008K, used 92427K [0x0000000080000000, 0x0000000100000000)
  region size 1024K, 3 young (3072K), 3 survivors (3072K)
 Metaspace       used 83763K, committed 84544K, reserved 557056K
  class space    used 11667K, committed 12032K, reserved 425984K
}
Event: 39.762 GC heap before
{Heap before GC invocations=45 (full 0):
 garbage-first heap   total 171008K, used 96523K [0x0000000080000000, 0x0000000100000000)
  region size 1024K, 8 young (8192K), 3 survivors (3072K)
 Metaspace       used 84206K, committed 84992K, reserved 557056K
  class space    used 11718K, committed 12096K, reserved 425984K
}
Event: 39.787 GC heap after
{Heap after GC invocations=46 (full 0):
 garbage-first heap   total 342016K, used 92316K [0x0000000080000000, 0x0000000100000000)
  region size 1024K, 1 young (1024K), 1 survivors (1024K)
 Metaspace       used 84206K, committed 84992K, reserved 557056K
  class space    used 11718K, committed 12096K, reserved 425984K
}
Event: 46.474 GC heap before
{Heap before GC invocations=46 (full 0):
 garbage-first heap   total 342016K, used 239772K [0x0000000080000000, 0x0000000100000000)
  region size 1024K, 145 young (148480K), 1 survivors (1024K)
 Metaspace       used 91435K, committed 92224K, reserved 557056K
  class space    used 12870K, committed 13248K, reserved 425984K
}
Event: 46.499 GC heap after
{Heap after GC invocations=47 (full 0):
 garbage-first heap   total 342016K, used 99209K [0x0000000080000000, 0x0000000100000000)
  region size 1024K, 8 young (8192K), 8 survivors (8192K)
 Metaspace       used 91435K, committed 92224K, reserved 557056K
  class space    used 12870K, committed 13248K, reserved 425984K
}
Event: 52.175 GC heap before
{Heap before GC invocations=47 (full 0):
 garbage-first heap   total 342016K, used 265097K [0x0000000080000000, 0x0000000100000000)
  region size 1024K, 164 young (167936K), 8 survivors (8192K)
 Metaspace       used 97843K, committed 98752K, reserved 557056K
  class space    used 13821K, committed 14272K, reserved 425984K
}
Event: 52.231 GC heap after
{Heap after GC invocations=48 (full 0):
 garbage-first heap   total 342016K, used 127091K [0x0000000080000000, 0x0000000100000000)
  region size 1024K, 21 young (21504K), 21 survivors (21504K)
 Metaspace       used 97843K, committed 98752K, reserved 557056K
  class space    used 13821K, committed 14272K, reserved 425984K
}
Event: 55.770 GC heap before
{Heap before GC invocations=48 (full 0):
 garbage-first heap   total 342016K, used 258163K [0x0000000080000000, 0x0000000100000000)
  region size 1024K, 149 young (152576K), 21 survivors (21504K)
 Metaspace       used 104091K, committed 105088K, reserved 557056K
  class space    used 14678K, committed 15168K, reserved 425984K
}
Event: 55.829 GC heap after
{Heap after GC invocations=49 (full 0):
 garbage-first heap   total 342016K, used 138208K [0x0000000080000000, 0x0000000100000000)
  region size 1024K, 10 young (10240K), 10 survivors (10240K)
 Metaspace       used 104091K, committed 105088K, reserved 557056K
  class space    used 14678K, committed 15168K, reserved 425984K
}
Event: 58.605 GC heap before
{Heap before GC invocations=49 (full 0):
 garbage-first heap   total 342016K, used 266208K [0x0000000080000000, 0x0000000100000000)
  region size 1024K, 134 young (137216K), 10 survivors (10240K)
 Metaspace       used 105006K, committed 106048K, reserved 557056K
  class space    used 14772K, committed 15296K, reserved 425984K
}
Event: 58.682 GC heap after
{Heap after GC invocations=50 (full 0):
 garbage-first heap   total 342016K, used 158176K [0x0000000080000000, 0x0000000100000000)
  region size 1024K, 17 young (17408K), 17 survivors (17408K)
 Metaspace       used 105006K, committed 106048K, reserved 557056K
  class space    used 14772K, committed 15296K, reserved 425984K
}
Event: 62.588 GC heap before
{Heap before GC invocations=50 (full 0):
 garbage-first heap   total 342016K, used 266720K [0x0000000080000000, 0x0000000100000000)
  region size 1024K, 122 young (124928K), 17 survivors (17408K)
 Metaspace       used 110475K, committed 111552K, reserved 557056K
  class space    used 15489K, committed 16000K, reserved 425984K
}
Event: 62.665 GC heap after
{Heap after GC invocations=51 (full 0):
 garbage-first heap   total 342016K, used 175072K [0x0000000080000000, 0x0000000100000000)
  region size 1024K, 14 young (14336K), 14 survivors (14336K)
 Metaspace       used 110475K, committed 111552K, reserved 557056K
  class space    used 15489K, committed 16000K, reserved 425984K
}
Event: 65.566 GC heap before
{Heap before GC invocations=51 (full 0):
 garbage-first heap   total 342016K, used 270304K [0x0000000080000000, 0x0000000100000000)
  region size 1024K, 108 young (110592K), 14 survivors (14336K)
 Metaspace       used 111622K, committed 112704K, reserved 557056K
  class space    used 15576K, committed 16128K, reserved 425984K
}
Event: 65.638 GC heap after
{Heap after GC invocations=52 (full 0):
 garbage-first heap   total 342016K, used 184800K [0x0000000080000000, 0x0000000100000000)
  region size 1024K, 9 young (9216K), 9 survivors (9216K)
 Metaspace       used 111622K, committed 112704K, reserved 557056K
  class space    used 15576K, committed 16128K, reserved 425984K
}
Event: 67.673 GC heap before
{Heap before GC invocations=53 (full 0):
 garbage-first heap   total 342016K, used 274912K [0x0000000080000000, 0x0000000100000000)
  region size 1024K, 98 young (100352K), 9 survivors (9216K)
 Metaspace       used 111998K, committed 113152K, reserved 557056K
  class space    used 15616K, committed 16192K, reserved 425984K
}
Event: 67.721 GC heap after
{Heap after GC invocations=54 (full 0):
 garbage-first heap   total 342016K, used 193418K [0x0000000080000000, 0x0000000100000000)
  region size 1024K, 9 young (9216K), 9 survivors (9216K)
 Metaspace       used 111998K, committed 113152K, reserved 557056K
  class space    used 15616K, committed 16192K, reserved 425984K
}
Event: 67.862 GC heap before
{Heap before GC invocations=54 (full 0):
 garbage-first heap   total 342016K, used 199562K [0x0000000080000000, 0x0000000100000000)
  region size 1024K, 16 young (16384K), 9 survivors (9216K)
 Metaspace       used 111998K, committed 113152K, reserved 557056K
  class space    used 15616K, committed 16192K, reserved 425984K
}
Event: 67.886 GC heap after
{Heap after GC invocations=55 (full 0):
 garbage-first heap   total 342016K, used 194193K [0x0000000080000000, 0x0000000100000000)
  region size 1024K, 2 young (2048K), 2 survivors (2048K)
 Metaspace       used 111998K, committed 113152K, reserved 557056K
  class space    used 15616K, committed 16192K, reserved 425984K
}

