# JRE version: OpenJDK Runtime Environment Microsoft-8035246 (17.0.8+7) (build 17.0.8+7-LTS)
# Java VM: OpenJDK 64-Bit Server VM Microsoft-8035246 (17.0.8+7-LTS, mixed mode, sharing, tiered, compressed oops, compressed class ptrs, g1 gc, windows-amd64)
GC Precious Log:
 CPUs: 4 total, 4 available
 Memory: 7930M
 Large Page Support: Disabled
 NUMA Support: Disabled
 Compressed Oops: Enabled (32-bit)
 Heap Region Size: 1M
 Heap Min Capacity: 8M
 Heap Initial Capacity: 124M
 Heap Max Capacity: 2G
 Pre-touch: Disabled
 Parallel Workers: 4
 Concurrent Workers: 1
 Concurrent Refinement Workers: 4
 Periodic GC: Disabled
Heap:
 garbage-first heap   total 358400K, used 258346K [0x0000000080000000, 0x0000000100000000)
  region size 1024K, 52 young (53248K), 4 survivors (4096K)
 Metaspace       used 107859K, committed 109056K, reserved 557056K
  class space    used 15117K, committed 15680K, reserved 425984K
GC Heap History (20 events):
Event: 126.459 GC heap before
{Heap before GC invocations=59 (full 0):
 garbage-first heap   total 247808K, used 202318K [0x0000000080000000, 0x0000000100000000)
  region size 1024K, 52 young (53248K), 7 survivors (7168K)
 Metaspace       used 101131K, committed 102144K, reserved 557056K
  class space    used 14281K, committed 14720K, reserved 425984K
}
Event: 126.505 GC heap after
{Heap after GC invocations=60 (full 0):
 garbage-first heap   total 247808K, used 165318K [0x0000000080000000, 0x0000000100000000)
  region size 1024K, 7 young (7168K), 7 survivors (7168K)
 Metaspace       used 101131K, committed 102144K, reserved 557056K
  class space    used 14281K, committed 14720K, reserved 425984K
}
Event: 127.892 GC heap before
{Heap before GC invocations=60 (full 0):
 garbage-first heap   total 247808K, used 205254K [0x0000000080000000, 0x0000000100000000)
  region size 1024K, 45 young (46080K), 7 survivors (7168K)
 Metaspace       used 101546K, committed 102592K, reserved 557056K
  class space    used 14325K, committed 14784K, reserved 425984K
}
Event: 127.930 GC heap after
{Heap after GC invocations=61 (full 0):
 garbage-first heap   total 247808K, used 172254K [0x0000000080000000, 0x0000000100000000)
  region size 1024K, 6 young (6144K), 6 survivors (6144K)
 Metaspace       used 101546K, committed 102592K, reserved 557056K
  class space    used 14325K, committed 14784K, reserved 425984K
}
Event: 129.137 GC heap before
{Heap before GC invocations=61 (full 0):
 garbage-first heap   total 247808K, used 206046K [0x0000000080000000, 0x0000000100000000)
  region size 1024K, 39 young (39936K), 6 survivors (6144K)
 Metaspace       used 101952K, committed 103040K, reserved 557056K
  class space    used 14373K, committed 14848K, reserved 425984K
}
Event: 129.163 GC heap after
{Heap after GC invocations=62 (full 0):
 garbage-first heap   total 247808K, used 180432K [0x0000000080000000, 0x0000000100000000)
  region size 1024K, 5 young (5120K), 5 survivors (5120K)
 Metaspace       used 101952K, committed 103040K, reserved 557056K
  class space    used 14373K, committed 14848K, reserved 425984K
}
Event: 130.006 GC heap before
{Heap before GC invocations=62 (full 0):
 garbage-first heap   total 247808K, used 208080K [0x0000000080000000, 0x0000000100000000)
  region size 1024K, 32 young (32768K), 5 survivors (5120K)
 Metaspace       used 103987K, committed 105024K, reserved 557056K
  class space    used 14714K, committed 15168K, reserved 425984K
}
Event: 130.034 GC heap after
{Heap after GC invocations=63 (full 0):
 garbage-first heap   total 247808K, used 182860K [0x0000000080000000, 0x0000000100000000)
  region size 1024K, 2 young (2048K), 2 survivors (2048K)
 Metaspace       used 103987K, committed 105024K, reserved 557056K
  class space    used 14714K, committed 15168K, reserved 425984K
}
Event: 131.087 GC heap before
{Heap before GC invocations=63 (full 0):
 garbage-first heap   total 247808K, used 210508K [0x0000000080000000, 0x0000000100000000)
  region size 1024K, 29 young (29696K), 2 survivors (2048K)
 Metaspace       used 105909K, committed 107072K, reserved 557056K
  class space    used 14942K, committed 15488K, reserved 425984K
}
Event: 131.116 GC heap after
{Heap after GC invocations=64 (full 0):
 garbage-first heap   total 297984K, used 184908K [0x0000000080000000, 0x0000000100000000)
  region size 1024K, 4 young (4096K), 4 survivors (4096K)
 Metaspace       used 105909K, committed 107072K, reserved 557056K
  class space    used 14942K, committed 15488K, reserved 425984K
}
Event: 133.281 GC heap before
{Heap before GC invocations=64 (full 0):
 garbage-first heap   total 297984K, used 241228K [0x0000000080000000, 0x0000000100000000)
  region size 1024K, 59 young (60416K), 4 survivors (4096K)
 Metaspace       used 106763K, committed 107904K, reserved 557056K
  class space    used 15021K, committed 15552K, reserved 425984K
}
Event: 133.327 GC heap after
{Heap after GC invocations=65 (full 0):
 garbage-first heap   total 297984K, used 191858K [0x0000000080000000, 0x0000000100000000)
  region size 1024K, 8 young (8192K), 8 survivors (8192K)
 Metaspace       used 106763K, committed 107904K, reserved 557056K
  class space    used 15021K, committed 15552K, reserved 425984K
}
Event: 135.113 GC heap before
{Heap before GC invocations=65 (full 0):
 garbage-first heap   total 297984K, used 244082K [0x0000000080000000, 0x0000000100000000)
  region size 1024K, 59 young (60416K), 8 survivors (8192K)
 Metaspace       used 107318K, committed 108480K, reserved 557056K
  class space    used 15072K, committed 15616K, reserved 425984K
}
Event: 135.174 GC heap after
{Heap after GC invocations=66 (full 0):
 garbage-first heap   total 297984K, used 198476K [0x0000000080000000, 0x0000000100000000)
  region size 1024K, 7 young (7168K), 7 survivors (7168K)
 Metaspace       used 107318K, committed 108480K, reserved 557056K
  class space    used 15072K, committed 15616K, reserved 425984K
}
Event: 136.943 GC heap before
{Heap before GC invocations=66 (full 0):
 garbage-first heap   total 297984K, used 245580K [0x0000000080000000, 0x0000000100000000)
  region size 1024K, 54 young (55296K), 7 survivors (7168K)
 Metaspace       used 107803K, committed 108992K, reserved 557056K
  class space    used 15115K, committed 15680K, reserved 425984K
}
Event: 136.990 GC heap after
{Heap after GC invocations=67 (full 0):
 garbage-first heap   total 297984K, used 205645K [0x0000000080000000, 0x0000000100000000)
  region size 1024K, 7 young (7168K), 7 survivors (7168K)
 Metaspace       used 107803K, committed 108992K, reserved 557056K
  class space    used 15115K, committed 15680K, reserved 425984K
}
Event: 137.623 GC heap before
{Heap before GC invocations=67 (full 0):
 garbage-first heap   total 297984K, used 247629K [0x0000000080000000, 0x0000000100000000)
  region size 1024K, 49 young (50176K), 7 survivors (7168K)
 Metaspace       used 107858K, committed 109056K, reserved 557056K
  class space    used 15116K, committed 15680K, reserved 425984K
}
Event: 137.652 GC heap after
{Heap after GC invocations=68 (full 0):
 garbage-first heap   total 297984K, used 208918K [0x0000000080000000, 0x0000000100000000)
  region size 1024K, 5 young (5120K), 5 survivors (5120K)
 Metaspace       used 107858K, committed 109056K, reserved 557056K
  class space    used 15116K, committed 15680K, reserved 425984K
}
Event: 138.485 GC heap before
{Heap before GC invocations=68 (full 0):
 garbage-first heap   total 297984K, used 249878K [0x0000000080000000, 0x0000000100000000)
  region size 1024K, 45 young (46080K), 5 survivors (5120K)
 Metaspace       used 107859K, committed 109056K, reserved 557056K
  class space    used 15117K, committed 15680K, reserved 425984K
}
Event: 138.498 GC heap after
{Heap after GC invocations=69 (full 0):
 garbage-first heap   total 358400K, used 210218K [0x0000000080000000, 0x0000000100000000)
  region size 1024K, 4 young (4096K), 4 survivors (4096K)
 Metaspace       used 107859K, committed 109056K, reserved 557056K
  class space    used 15117K, committed 15680K, reserved 425984K
}

